#
# There is insufficient memory for the Java Runtime Environment to continue.
# Native memory allocation (malloc) failed to allocate 1048576 bytes for AllocateHeap
# Possible reasons:
#   The system is out of physical RAM or swap space
#   In 32 bit mode, the process size limit was hit
# Possible solutions:
#   Reduce memory load on the system
#   Increase physical memory or swap space
#   Check if swap backing store is full
#   Use 64 bit Java on a 64 bit OS
#   Decrease Java heap size (-Xmx/-Xms)
#   Decrease number of Java threads
#   Decrease Java thread stack sizes (-Xss)
#   Set larger code cache with -XX:ReservedCodeCacheSize=
# This output file may be truncated or incomplete.
#
#  Out of Memory Error (memory/allocation.inline.hpp:61), pid=12492, tid=0x00000000000024e8
#
# JRE version:  (8.0) (build )
# Java VM: OpenJDK 64-Bit Server VM (25.71-b00 mixed mode windows-amd64 compressed oops)
# Failed to write core dump. Minidumps are not enabled by default on client versions of Windows
#

---------------  T H R E A D  ---------------

Current thread (0x00000000026c0800):  JavaThread "Unknown thread" [_thread_in_vm, id=9448, stack(0x0000000002570000,0x0000000002670000)]

Stack: [0x0000000002570000,0x0000000002670000]
[error occurred during error reporting (printing stack bounds), id 0xc0000005]

Native frames: (J=compiled Java code, j=interpreted, Vv=VM code, C=native code)


---------------  P R O C E S S  ---------------

Java Threads: ( => current thread )

Other Threads:

=>0x00000000026c0800 (exited) JavaThread "Unknown thread" [_thread_in_vm, id=9448, stack(0x0000000002570000,0x0000000002670000)]

VM state:not at safepoint (normal execution)

VM Mutex/Monitor currently owned by a thread: None

Heap:
 PSYoungGen      total 38400K, used 665K [0x00000000d5f80000, 0x00000000d8a00000, 0x0000000100000000)
  eden space 33280K, 2% used [0x00000000d5f80000,0x00000000d6026670,0x00000000d8000000)
  from space 5120K, 0% used [0x00000000d8500000,0x00000000d8500000,0x00000000d8a00000)
  to   space 5120K, 0% used [0x00000000d8000000,0x00000000d8000000,0x00000000d8500000)
 ParOldGen       total 87552K, used 0K [0x0000000081e00000, 0x0000000087380000, 0x00000000d5f80000)
  object space 87552K, 0% used [0x0000000081e00000,0x0000000081e00000,0x0000000087380000)
 Metaspace       used 784K, capacity 1156K, committed 1408K, reserved 1060864K
  class space    used 74K, capacity 384K, committed 384K, reserved 1048576K

Card table byte_map: [0x0000000011b80000,0x0000000011f80000] byte_map_base: 0x0000000011771000

Marking Bits: (ParMarkBitMap*) 0x000000005ccfbe50
 Begin Bits: [0x0000000012630000, 0x00000000145b8000)
 End Bits:   [0x00000000145b8000, 0x0000000016540000)

Polling page: 0x00000000003e0000

CodeCache: size=245760Kb used=328Kb max_used=328Kb free=245431Kb
 bounds [0x00000000027c0000, 0x0000000002a30000, 0x00000000117c0000]
 total_blobs=57 nmethods=0 adapters=38
 compilation: enabled

Compilation events (0 events):
No events

GC Heap History (0 events):
No events

Deoptimization events (0 events):
No events

Classes redefined (0 events):
No events

Internal exceptions (0 events):
No events

Events (10 events):
Event: 0.027 loading class java/lang/Short
Event: 0.027 loading class java/lang/Short done
Event: 0.027 loading class java/lang/Integer
Event: 0.028 loading class java/lang/Integer done
Event: 0.028 loading class java/lang/Long
Event: 0.028 loading class java/lang/Long done
Event: 0.028 loading class java/lang/NullPointerException
Event: 0.028 loading class java/lang/NullPointerException done
Event: 0.028 loading class java/lang/ArithmeticException
Event: 0.028 loading class java/lang/ArithmeticException done


Dynamic libraries:
0x00007ff7e5e10000 - 0x00007ff7e5e45000 	C:\Program Files\Unity\Hub\Editor\2018.4.23f1\Editor\Data\PlaybackEngines\AndroidPlayer\Tools\OpenJDK\Windows\bin\java.exe
0x00007ff96fe60000 - 0x00007ff970050000 	C:\WINDOWS\SYSTEM32\ntdll.dll
0x00007ff96e200000 - 0x00007ff96e2b2000 	C:\WINDOWS\System32\KERNEL32.DLL
0x00007ff96cde0000 - 0x00007ff96d084000 	C:\WINDOWS\System32\KERNELBASE.dll
0x00007ff96e150000 - 0x00007ff96e1f3000 	C:\WINDOWS\System32\ADVAPI32.dll
0x00007ff96f070000 - 0x00007ff96f10e000 	C:\WINDOWS\System32\msvcrt.dll
0x00007ff96e4a0000 - 0x00007ff96e537000 	C:\WINDOWS\System32\sechost.dll
0x00007ff96f4c0000 - 0x00007ff96f5e0000 	C:\WINDOWS\System32\RPCRT4.dll
0x00007ff96df10000 - 0x00007ff96e0a4000 	C:\WINDOWS\System32\USER32.dll
0x00007ff96d150000 - 0x00007ff96d171000 	C:\WINDOWS\System32\win32u.dll
0x00007ff96e0b0000 - 0x00007ff96e0d6000 	C:\WINDOWS\System32\GDI32.dll
0x00007ff96d430000 - 0x00007ff96d5c6000 	C:\WINDOWS\System32\gdi32full.dll
0x00007ff96d090000 - 0x00007ff96d12e000 	C:\WINDOWS\System32\msvcp_win.dll
0x00007ff96de10000 - 0x00007ff96df0a000 	C:\WINDOWS\System32\ucrtbase.dll
0x00007ff9605a0000 - 0x00007ff960824000 	C:\WINDOWS\WinSxS\amd64_microsoft.windows.common-controls_6595b64144ccf1df_6.0.18362.959_none_e6c7bbbf130c62bb\COMCTL32.dll
0x00007ff96f180000 - 0x00007ff96f4b5000 	C:\WINDOWS\System32\combase.dll
0x00007ff96dd90000 - 0x00007ff96de10000 	C:\WINDOWS\System32\bcryptPrimitives.dll
0x00007ff96e620000 - 0x00007ff96e64e000 	C:\WINDOWS\System32\IMM32.DLL
0x000000005cd80000 - 0x000000005ce52000 	C:\Program Files\Unity\Hub\Editor\2018.4.23f1\Editor\Data\PlaybackEngines\AndroidPlayer\Tools\OpenJDK\Windows\jre\bin\msvcr100.dll
0x000000005c530000 - 0x000000005cd79000 	C:\Program Files\Unity\Hub\Editor\2018.4.23f1\Editor\Data\PlaybackEngines\AndroidPlayer\Tools\OpenJDK\Windows\jre\bin\server\jvm.dll
0x00007ff96e0e0000 - 0x00007ff96e0e8000 	C:\WINDOWS\System32\PSAPI.DLL
0x00007ff961f00000 - 0x00007ff961f0a000 	C:\WINDOWS\SYSTEM32\VERSION.dll
0x00007ff96ada0000 - 0x00007ff96adc4000 	C:\WINDOWS\SYSTEM32\WINMM.dll
0x00007ff969590000 - 0x00007ff969599000 	C:\WINDOWS\SYSTEM32\WSOCK32.dll
0x00007ff96f110000 - 0x00007ff96f17f000 	C:\WINDOWS\System32\WS2_32.dll
0x00007ff96ad70000 - 0x00007ff96ad9d000 	C:\WINDOWS\SYSTEM32\winmmbase.dll
0x00007ff96d1e0000 - 0x00007ff96d22a000 	C:\WINDOWS\System32\cfgmgr32.dll
0x00007ff95f850000 - 0x00007ff95f85f000 	C:\Program Files\Unity\Hub\Editor\2018.4.23f1\Editor\Data\PlaybackEngines\AndroidPlayer\Tools\OpenJDK\Windows\jre\bin\verify.dll
0x00007ff94e320000 - 0x00007ff94e349000 	C:\Program Files\Unity\Hub\Editor\2018.4.23f1\Editor\Data\PlaybackEngines\AndroidPlayer\Tools\OpenJDK\Windows\jre\bin\java.dll
0x00007ff950580000 - 0x00007ff950596000 	C:\Program Files\Unity\Hub\Editor\2018.4.23f1\Editor\Data\PlaybackEngines\AndroidPlayer\Tools\OpenJDK\Windows\jre\bin\zip.dll

VM Arguments:
java_command: <unknown>
java_class_path (initial): .
Launcher Type: SUN_STANDARD

Environment Variables:
JAVA_HOME=C:\Program Files\Unity\Hub\Editor\2018.4.23f1\Editor\Data\PlaybackEngines\AndroidPlayer/Tools\OpenJDK\Windows
PATH=C:\WINDOWS\system32;C:\WINDOWS;C:\WINDOWS\System32\Wbem;C:\WINDOWS\System32\WindowsPowerShell\v1.0\;C:\WINDOWS\System32\OpenSSH\;C:\Program Files\Git\cmd;C:\devtools\Python38-32\Scripts\;C:\devtools\Python38-32\;C:\Users\Krocket\AppData\Local\Microsoft\WindowsApps;C:\Users\Krocket\AppData\Local\Programs\Microsoft VS Code\bin;C:\flutter\bin;C:\Users\Krocket\AppData\Local\Android\Sdk\platform-tools;
USERNAME=Krocket
OS=Windows_NT
PROCESSOR_IDENTIFIER=Intel64 Family 6 Model 58 Stepping 9, GenuineIntel



---------------  S Y S T E M  ---------------

OS: Windows 10.0 , 64 bit Build 18362 (10.0.18362.959)

CPU:total 4 (initial active 4) (2 cores per cpu, 2 threads per core) family 6 model 58 stepping 9, cmov, cx8, fxsr, mmx, sse, sse2, sse3, ssse3, sse4.1, sse4.2, popcnt, avx, aes, clmul, erms, ht, tsc, tscinvbit, tscinv

Memory: 4k page, physical 8264828k(1716448k free), swap 8674428k(5284k free)

vm_info: OpenJDK 64-Bit Server VM (25.71-b00) for windows-amd64 JRE (1.8.0-adoptopenjdk-_2018_05_19_00_59-b00), built on May 19 2018 01:02:12 by "jenkins" with MS VC++ 10.0 (VS2010)

time: Mon Aug 03 14:33:59 2020
elapsed time: 0 seconds (0d 0h 0m 0s)

